<?xml version="1.0" encoding="UTF-8"?>
<!-- Generated by org.testng.reporters.JUnitReportReporter -->
<testsuite hostname="Nishant-PC" name="test.test_art.AppTest" tests="1" failures="0" timestamp="15 Jun 2017 06:38:25 GMT" time="26.114" errors="0">
  <testcase name="testing_selenium" time="26.114" classname="test.test_art.AppTest"/>
</testsuite> <!-- test.test_art.AppTest -->
